{"level":"error","message":"에러","timestamp":"2022-09-02 14:11:38"}
{"level":"warn","message":"경고","timestamp":"2022-09-02 14:11:38"}
{"level":"info","message":"정보","timestamp":"2022-09-02 14:11:38"}
{"level":"error","message":"에러","timestamp":"2022-09-02 14:12:25"}
{"level":"warn","message":"경고","timestamp":"2022-09-02 14:12:25"}
{"level":"info","message":"정보","timestamp":"2022-09-02 14:12:25"}
{"level":"error","message":"에러","timestamp":"2022-09-02 14:23:05"}
{"level":"warn","message":"경고","timestamp":"2022-09-02 14:23:05"}
{"level":"info","message":"정보","timestamp":"2022-09-02 14:23:05"}
{"level":"error","message":"에러","timestamp":"2022-09-02 14:23:55"}
{"level":"warn","message":"경고","timestamp":"2022-09-02 14:23:55"}
{"level":"info","message":"정보","timestamp":"2022-09-02 14:23:55"}
{"level":"error","message":"에러","timestamp":"2022-09-02 14:24:26"}
{"level":"warn","message":"경고","timestamp":"2022-09-02 14:24:26"}
{"level":"info","message":"정보","timestamp":"2022-09-02 14:24:26"}
{"level":"error","message":"에러","timestamp":"2022-09-02 14:25:00"}
{"level":"warn","message":"경고","timestamp":"2022-09-02 14:25:00"}
{"level":"info","message":"정보","timestamp":"2022-09-02 14:25:00"}
{"level":"error","message":"에러","timestamp":"2022-09-02 14:25:21"}
{"level":"warn","message":"경고","timestamp":"2022-09-02 14:25:21"}
{"level":"info","message":"정보","timestamp":"2022-09-02 14:25:21"}
{"level":"error","message":"에러","timestamp":"2022-09-02 14:27:14"}
{"level":"warn","message":"경고","timestamp":"2022-09-02 14:27:14"}
{"level":"info","message":"정보","timestamp":"2022-09-02 14:27:14"}
{"level":"error","message":"에러","timestamp":"2022-09-02 14:27:41"}
{"level":"warn","message":"경고","timestamp":"2022-09-02 14:27:41"}
{"level":"info","message":"정보","timestamp":"2022-09-02 14:27:41"}
{"level":"error","message":"에러","timestamp":"2022-09-02 14:27:47"}
{"level":"warn","message":"경고","timestamp":"2022-09-02 14:27:47"}
{"level":"info","message":"정보","timestamp":"2022-09-02 14:27:47"}
{"level":"error","message":"에러","timestamp":"2022-09-02 14:28:49"}
{"level":"warn","message":"경고","timestamp":"2022-09-02 14:28:49"}
{"level":"info","message":"정보","timestamp":"2022-09-02 14:28:49"}
{"level":"error","message":"에러","timestamp":"2022-09-02 14:30:47"}
{"level":"warn","message":"경고","timestamp":"2022-09-02 14:30:47"}
{"level":"info","message":"정보","timestamp":"2022-09-02 14:30:47"}
{"level":"http","message":"통신","timestamp":"2022-09-02 14:30:47"}
{"level":"debug","message":"디버그","timestamp":"2022-09-02 14:30:47"}
{"level":"error","message":"에러","timestamp":"2022-09-02 14:30:49"}
{"level":"warn","message":"경고","timestamp":"2022-09-02 14:30:49"}
{"level":"info","message":"정보","timestamp":"2022-09-02 14:30:49"}
{"level":"http","message":"통신","timestamp":"2022-09-02 14:30:49"}
{"level":"debug","message":"디버그","timestamp":"2022-09-02 14:30:49"}
{"level":"error","message":"에러","timestamp":"2022-09-02 14:32:14"}
{"level":"warn","message":"경고","timestamp":"2022-09-02 14:32:14"}
{"level":"info","message":"정보","timestamp":"2022-09-02 14:32:14"}
{"level":"http","message":"통신","timestamp":"2022-09-02 14:32:14"}
{"level":"debug","message":"디버그","timestamp":"2022-09-02 14:32:14"}
{"level":"error","message":"에러","timestamp":"2022-09-02 14:32:21"}
{"level":"warn","message":"경고","timestamp":"2022-09-02 14:32:21"}
{"level":"info","message":"정보","timestamp":"2022-09-02 14:32:21"}
{"level":"http","message":"통신","timestamp":"2022-09-02 14:32:21"}
{"level":"debug","message":"디버그","timestamp":"2022-09-02 14:32:21"}
{"level":"error","message":"에러","timestamp":"2022-09-02 14:36:12"}
{"level":"warn","message":"경고","timestamp":"2022-09-02 14:36:12"}
{"level":"info","message":"정보","timestamp":"2022-09-02 14:36:12"}
{"level":"http","message":"통신","timestamp":"2022-09-02 14:36:12"}
{"level":"debug","message":"디버그","timestamp":"2022-09-02 14:36:12"}
{"level":"error","message":"에러","timestamp":"2022-09-02 14:36:21"}
{"level":"warn","message":"경고","timestamp":"2022-09-02 14:36:21"}
{"level":"info","message":"정보","timestamp":"2022-09-02 14:36:21"}
{"level":"http","message":"통신","timestamp":"2022-09-02 14:36:21"}
{"level":"debug","message":"디버그","timestamp":"2022-09-02 14:36:21"}
{"level":"error","message":"에러","timestamp":"2022-09-02 14:36:57"}
{"level":"warn","message":"경고","timestamp":"2022-09-02 14:36:57"}
{"level":"info","message":"정보","timestamp":"2022-09-02 14:36:57"}
{"level":"http","message":"통신","timestamp":"2022-09-02 14:36:57"}
{"level":"debug","message":"디버그","timestamp":"2022-09-02 14:36:57"}
{"level":"error","message":"에러","timestamp":"2022-09-02 14:37:20"}
{"level":"warn","message":"경고","timestamp":"2022-09-02 14:37:20"}
{"level":"info","message":"정보","timestamp":"2022-09-02 14:37:20"}
{"level":"http","message":"통신","timestamp":"2022-09-02 14:37:20"}
{"level":"debug","message":"디버그","timestamp":"2022-09-02 14:37:20"}
{"level":"error","message":"빨간색","timestamp":"2022-09-02 14:41:24"}
{"level":"warn","message":"노란색","timestamp":"2022-09-02 14:41:24"}
{"level":"info","message":"초록색","timestamp":"2022-09-02 14:41:24"}
{"level":"http","message":"하늘색","timestamp":"2022-09-02 14:41:24"}
{"level":"debug","message":"회색","timestamp":"2022-09-02 14:41:24"}
{"level":"error","message":"에러","timestamp":"2022-09-02 14:41:47"}
{"level":"warn","message":"경고","timestamp":"2022-09-02 14:41:47"}
{"level":"info","message":"정보","timestamp":"2022-09-02 14:41:47"}
{"level":"http","message":"통신","timestamp":"2022-09-02 14:41:47"}
{"level":"debug","message":"디버그","timestamp":"2022-09-02 14:41:47"}
{"level":"error","message":"에러","timestamp":"2022-09-02 14:46:21"}
{"level":"warn","message":"경고","timestamp":"2022-09-02 14:46:21"}
{"level":"info","message":"정보","timestamp":"2022-09-02 14:46:21"}
{"level":"http","message":"통신","timestamp":"2022-09-02 14:46:21"}
{"level":"debug","message":"디버그","timestamp":"2022-09-02 14:46:21"}
{"level":"error","message":"에러","timestamp":"2022-09-02 14:48:36"}
{"level":"warn","message":"경고","timestamp":"2022-09-02 14:48:36"}
{"level":"info","message":"정보","timestamp":"2022-09-02 14:48:36"}
{"level":"http","message":"통신","timestamp":"2022-09-02 14:48:36"}
{"level":"debug","message":"디버그","timestamp":"2022-09-02 14:48:36"}
{"level":"error","message":"에러","timestamp":"2022-09-02 14:49:36"}
{"level":"warn","message":"경고","timestamp":"2022-09-02 14:49:36"}
{"level":"info","message":"정보","timestamp":"2022-09-02 14:49:36"}
{"level":"http","message":"통신","timestamp":"2022-09-02 14:49:36"}
{"level":"debug","message":"디버그","timestamp":"2022-09-02 14:49:36"}
{"level":"error","message":"에러","timestamp":"2022-09-02 14:57:25"}
{"level":"warn","message":"경고","timestamp":"2022-09-02 14:57:25"}
{"level":"info","message":"정보","timestamp":"2022-09-02 14:57:25"}
{"level":"http","message":"통신","timestamp":"2022-09-02 14:57:25"}
{"level":"debug","message":"디버그","timestamp":"2022-09-02 14:57:25"}
{"level":"error","message":"에러","timestamp":"2022-09-02 14:57:53"}
{"level":"warn","message":"경고","timestamp":"2022-09-02 14:57:53"}
{"level":"info","message":"정보","timestamp":"2022-09-02 14:57:53"}
{"level":"http","message":"통신","timestamp":"2022-09-02 14:57:53"}
{"level":"debug","message":"디버그","timestamp":"2022-09-02 14:57:53"}
{"level":"error","message":"에러","timestamp":"2022-09-02 14:59:53"}
{"level":"warn","message":"경고","timestamp":"2022-09-02 14:59:53"}
{"level":"info","message":"정보","timestamp":"2022-09-02 14:59:53"}
{"level":"http","message":"통신","timestamp":"2022-09-02 14:59:53"}
{"level":"debug","message":"디버그","timestamp":"2022-09-02 14:59:53"}
